2021-09-24 18:09:797 INFO  ValidateBulkOrders:22 - Validating Bulk Orders
2021-09-24 18:09:530 INFO  ValidateBulkOrders:36 - Successfully validated Bulk Orders
2021-09-24 18:09:383 INFO  ValidateCart:22 - Validating Cart
2021-09-24 18:09:284 INFO  ValidateCart:37 - Successfully validated Cart
2021-09-24 18:09:975 INFO  ValidateCustomerStory:22 - Validating Customer Stories
2021-09-24 18:09:887 INFO  ValidateCustomerStory:37 - Successfully validated Customer Stories
2021-09-24 18:09:659 INFO  ValidateGiftcard:22 - Validating Gift Cards
2021-09-24 18:09:825 INFO  ValidateGiftcard:36 - Successfully validated Gift Cards
2021-09-24 18:09:159 INFO  ValidateHelp:22 - Validating Help
2021-09-24 18:09:08 INFO  ValidateHelp:36 - Successfully validated Help
2021-09-24 18:09:495 INFO  ValidateSearch:24 - Validating Search
2021-09-24 18:09:748 INFO  ValidateSearch:46 - Successfully validated Search
2021-09-24 18:09:448 INFO  ValidateStores:22 - Validating Stores
2021-09-24 18:09:590 INFO  ValidateStores:36 - Successfully validated Stores
2021-09-24 18:09:128 INFO  ValidateTitle:26 - Validating Title
2021-09-24 18:09:137 INFO  ValidateTitle:33 - Successfully validated title
2021-09-24 18:09:403 INFO  ValidateTrackOrder:23 - Validating Track Orders
2021-09-24 18:09:550 INFO  ValidateTrackOrder:51 - Successfully validated Track Orders
2021-09-24 18:09:981 INFO  ValidateWishlist:22 - Validating Wishlist
2021-09-24 18:09:793 INFO  ValidateWishlist:36 - Successfully validated Wishlist
